<?xml version="1.0" encoding="UTF-8"?>
<!-- Generated by org.testng.reporters.JUnitReportReporter -->
<testsuite hostname="TestingWorld-PC" name="org.hcl.testcases.TC_001_Login_Logout_Positive_Credentials" tests="4" failures="0" timestamp="2 Apr 2017 06:22:10 GMT" time="67.630" errors="0">
  <testcase name="tc_001" time="17.221" classname="org.hcl.testcases.TC_001_Login_Logout_Positive_Credentials"/>
  <testcase name="tc_001" time="16.213" classname="org.hcl.testcases.TC_001_Login_Logout_Positive_Credentials"/>
  <testcase name="tc_001" time="15.815" classname="org.hcl.testcases.TC_001_Login_Logout_Positive_Credentials"/>
  <testcase name="tc_001" time="18.381" classname="org.hcl.testcases.TC_001_Login_Logout_Positive_Credentials"/>
</testsuite> <!-- org.hcl.testcases.TC_001_Login_Logout_Positive_Credentials -->
